Using pre-set license
Built from '2020.3/release' branch; Version is '2020.3.1f1 (77a89f25062f) revision 7841951'; Using compiler version '192528614'; Build Type 'Release'
OS: 'Windows 10 Pro; OS build 19041.928; Version 2004; 64bit' Language: 'es' Physical Memory: 16245 MB
BatchMode: 1, IsHumanControllingUs: 0, StartBugReporterOnCrash: 0, Is64bit: 1, IsPro: 0

 COMMAND LINE ARGUMENTS:
C:\Program Files\Unity\Hub\Editor\2020.3.1f1\Editor\Unity.exe
-adb2
-batchMode
-noUpm
-name
AssetImportWorker0
-projectPath
D:/UPN/9NO/VIDEO JUEGOS Y APP MÓBILES/VIDEOJUEGOS
-logFile
Logs/AssetImportWorker0.log
-srvPort
50374
Successfully changed project path to: D:/UPN/9NO/VIDEO JUEGOS Y APP MÓBILES/VIDEOJUEGOS
D:/UPN/9NO/VIDEO JUEGOS Y APP MÓBILES/VIDEOJUEGOS
Using Asset Import Pipeline V2.
Refreshing native plugins compatible for Editor in 21.76 ms, found 0 plugins.
Preloading 0 native plugins for Editor in 0.00 ms.
Initialize engine version: 2020.3.1f1 (77a89f25062f)
[Subsystems] Discovering subsystems at path C:/Program Files/Unity/Hub/Editor/2020.3.1f1/Editor/Data/Resources/UnitySubsystems
[Subsystems] Discovering subsystems at path D:/UPN/9NO/VIDEO JUEGOS Y APP MÓBILES/VIDEOJUEGOS/Assets
GfxDevice: creating device client; threaded=0
Direct3D:
    Version:  Direct3D 11.0 [level 11.1]
    Renderer: Intel(R) UHD Graphics 630 (ID=0x9bc8)
    Vendor:   
    VRAM:     8122 MB
    Driver:   27.20.100.9316
Initialize mono
Mono path[0] = 'C:/Program Files/Unity/Hub/Editor/2020.3.1f1/Editor/Data/Managed'
Mono path[1] = 'C:/Program Files/Unity/Hub/Editor/2020.3.1f1/Editor/Data/MonoBleedingEdge/lib/mono/unityjit'
Mono config path = 'C:/Program Files/Unity/Hub/Editor/2020.3.1f1/Editor/Data/MonoBleedingEdge/etc'
Using monoOptions --debugger-agent=transport=dt_socket,embedding=1,server=y,suspend=n,address=127.0.0.1:56104
Begin MonoManager ReloadAssembly
Registering precompiled unity dll's ...
Register platform support module: C:/Program Files/Unity/Hub/Editor/2020.3.1f1/Editor/Data/PlaybackEngines/WebGLSupport/UnityEditor.WebGL.Extensions.dll
Register platform support module: C:/Program Files/Unity/Hub/Editor/2020.3.1f1/Editor/Data/PlaybackEngines/WindowsStandaloneSupport/UnityEditor.WindowsStandalone.Extensions.dll
Register platform support module: C:/Program Files/Unity/Hub/Editor/2020.3.1f1/Editor/Data/PlaybackEngines/LuminSupport/UnityEditor.Lumin.Extensions.dll
Registered in 0.002540 seconds.
Native extension for Lumin target not found
Native extension for WindowsStandalone target not found
Native extension for WebGL target not found
Refreshing native plugins compatible for Editor in 21.43 ms, found 0 plugins.
Preloading 0 native plugins for Editor in 0.00 ms.
Invoked RoslynAnalysisRunner static constructor.
RoslynAnalysisRunner will not be running.
RoslynAnalysisRunner has terminated.
Mono: successfully reloaded assembly
- Completed reload, in  1.017 seconds
Platform modules already initialized, skipping
Registering precompiled user dll's ...
Registered in 0.000471 seconds.
Begin MonoManager ReloadAssembly
Native extension for Lumin target not found
Native extension for WindowsStandalone target not found
Native extension for WebGL target not found
Refreshing native plugins compatible for Editor in 0.20 ms, found 0 plugins.
Preloading 0 native plugins for Editor in 0.00 ms.
Invoked RoslynAnalysisRunner static constructor.
RoslynAnalysisRunner will not be running.
RoslynAnalysisRunner has terminated.
Mono: successfully reloaded assembly
- Completed reload, in  0.702 seconds
Platform modules already initialized, skipping
========================================================================
Worker process is ready to serve import requests
Launched and connected shader compiler UnityShaderCompiler.exe after 0.04 seconds
Refreshing native plugins compatible for Editor in 0.20 ms, found 0 plugins.
Preloading 0 native plugins for Editor in 0.00 ms.
Unloading 1114 Unused Serialized files (Serialized files now loaded: 0)
System memory in use before: 70.4 MB.
System memory in use after: 70.5 MB.

Unloading 10 unused Assets to reduce memory usage. Loaded Objects now: 1580.
Total: 1.491300 ms (FindLiveObjects: 0.112200 ms CreateObjectMapping: 0.028600 ms MarkObjects: 1.266400 ms  DeleteObjects: 0.083100 ms)

========================================================================
Received Import Request.
  path: Assets/Scenes/SampleScene.unity
  artifactKey: Guid(9fc0d4010bbf28b4594072e72b8655ab) Importer(815301076,1909f56bfc062723c751e8b465ee728b)
Start importing Assets/Scenes/SampleScene.unity using Guid(9fc0d4010bbf28b4594072e72b8655ab) Importer(815301076,1909f56bfc062723c751e8b465ee728b)  -> (artifact id: '23fa0e124ca12e15f1b0f1450ebefc53') in 0.008339 seconds
  Import took 0.009832 seconds .

========================================================================
Received Import Request.
  Time since last request: 112.602131 seconds.
  path: Assets/Scenes
  artifactKey: Guid(7816de0f456c6e94dac9a1086eb3609c) Importer(815301076,1909f56bfc062723c751e8b465ee728b)
Start importing Assets/Scenes using Guid(7816de0f456c6e94dac9a1086eb3609c) Importer(815301076,1909f56bfc062723c751e8b465ee728b)  -> (artifact id: 'ac7fb1afb1be98c12a2b245a167960d5') in 0.001414 seconds
  Import took 0.003270 seconds .

========================================================================
Received Import Request.
  Time since last request: 10.621100 seconds.
  path: Assets/Scenes/New Scene.unity
  artifactKey: Guid(9334f9e040076224893f6e95e82b53fc) Importer(815301076,1909f56bfc062723c751e8b465ee728b)
Start importing Assets/Scenes/New Scene.unity using Guid(9334f9e040076224893f6e95e82b53fc) Importer(815301076,1909f56bfc062723c751e8b465ee728b)  -> (artifact id: '6fa647ea231180a13482a95aa4fcface') in 0.001768 seconds
  Import took 0.003640 seconds .

========================================================================
Received Import Request.
  Time since last request: 60.077835 seconds.
  path: Assets/Scenes/SampleScene.unity
  artifactKey: Guid(9fc0d4010bbf28b4594072e72b8655ab) Importer(815301076,1909f56bfc062723c751e8b465ee728b)
Start importing Assets/Scenes/SampleScene.unity using Guid(9fc0d4010bbf28b4594072e72b8655ab) Importer(815301076,1909f56bfc062723c751e8b465ee728b)  -> (artifact id: '0261e2818392c5decd12fbb185744d8d') in 0.001332 seconds
  Import took 0.002996 seconds .

========================================================================
Received Import Request.
  Time since last request: 1596.372704 seconds.
  path: Assets/Scenes/Scene 02.unity
  artifactKey: Guid(9334f9e040076224893f6e95e82b53fc) Importer(815301076,1909f56bfc062723c751e8b465ee728b)
Start importing Assets/Scenes/Scene 02.unity using Guid(9334f9e040076224893f6e95e82b53fc) Importer(815301076,1909f56bfc062723c751e8b465ee728b)  -> (artifact id: 'ee93630e65b60973a65809e4cf9b741e') in 0.001953 seconds
  Import took 0.004123 seconds .

========================================================================
Received Import Request.
  Time since last request: 411.150727 seconds.
  path: Assets/Personaje1/aj@Falling Idle.fbx
  artifactKey: Guid(4a2f6bd353eb8b24eb594e8acc7a2c81) Importer(815301076,1909f56bfc062723c751e8b465ee728b)
Start importing Assets/Personaje1/aj@Falling Idle.fbx using Guid(4a2f6bd353eb8b24eb594e8acc7a2c81) Importer(815301076,1909f56bfc062723c751e8b465ee728b)  -> (artifact id: '3af44241373f3f51015cedd42bfca136') in 0.385396 seconds
  Import took 0.387700 seconds .

========================================================================
Received Import Request.
  Time since last request: 4.225713 seconds.
  path: Assets/Personaje1/aj@Jumping Up.fbx
  artifactKey: Guid(2a079920b44b25b448c40ddb44a29340) Importer(815301076,1909f56bfc062723c751e8b465ee728b)
Start importing Assets/Personaje1/aj@Jumping Up.fbx using Guid(2a079920b44b25b448c40ddb44a29340) Importer(815301076,1909f56bfc062723c751e8b465ee728b)  -> (artifact id: '64d82c5e103187c5348fec1439531db6') in 0.049964 seconds
  Import took 0.051978 seconds .

========================================================================
Received Import Request.
  Time since last request: 61.362117 seconds.
  path: Assets/Personaje1/Brendan@Jumping Up.fbx
  artifactKey: Guid(2a079920b44b25b448c40ddb44a29340) Importer(815301076,1909f56bfc062723c751e8b465ee728b)
Start importing Assets/Personaje1/Brendan@Jumping Up.fbx using Guid(2a079920b44b25b448c40ddb44a29340) Importer(815301076,1909f56bfc062723c751e8b465ee728b)  -> (artifact id: '2aad00c7c206ca39fe8a831653fe7c39') in 0.088602 seconds
  Import took 0.090585 seconds .

========================================================================
Received Import Request.
  Time since last request: 0.000194 seconds.
  path: Assets/Personaje1/Brendan.fbx
  artifactKey: Guid(571cd20c2118fde429462b05fde344a9) Importer(815301076,1909f56bfc062723c751e8b465ee728b)
Start importing Assets/Personaje1/Brendan.fbx using Guid(571cd20c2118fde429462b05fde344a9) Importer(815301076,1909f56bfc062723c751e8b465ee728b)  -> (artifact id: '0253674f75bc22e5df9420bcc5a92fce') in 0.046920 seconds
  Import took 0.048961 seconds .

========================================================================
Received Import Request.
  Time since last request: 26.963395 seconds.
  path: Assets/Personaje1/Brendan.fbx
  artifactKey: Guid(571cd20c2118fde429462b05fde344a9) Importer(815301076,1909f56bfc062723c751e8b465ee728b)
Start importing Assets/Personaje1/Brendan.fbx using Guid(571cd20c2118fde429462b05fde344a9) Importer(815301076,1909f56bfc062723c751e8b465ee728b)  -> (artifact id: 'ba22e039a8bdc25427ec6ccba8d8f651') in 0.044324 seconds
  Import took 0.046641 seconds .

========================================================================
Received Import Request.
  Time since last request: 0.000226 seconds.
  path: Assets/Personaje1/Brendan@Falling Idle.fbx
  artifactKey: Guid(4a2f6bd353eb8b24eb594e8acc7a2c81) Importer(815301076,1909f56bfc062723c751e8b465ee728b)
Start importing Assets/Personaje1/Brendan@Falling Idle.fbx using Guid(4a2f6bd353eb8b24eb594e8acc7a2c81) Importer(815301076,1909f56bfc062723c751e8b465ee728b)  -> (artifact id: '9d3eee8cf719bf664183e2d57965ed34') in 0.065881 seconds
  Import took 0.067699 seconds .

========================================================================
Received Import Request.
  Time since last request: 60.021461 seconds.
  path: Assets/Personaje1/Brendan@Falling Idle.fbx
  artifactKey: Guid(4a2f6bd353eb8b24eb594e8acc7a2c81) Importer(815301076,1909f56bfc062723c751e8b465ee728b)
Start importing Assets/Personaje1/Brendan@Falling Idle.fbx using Guid(4a2f6bd353eb8b24eb594e8acc7a2c81) Importer(815301076,1909f56bfc062723c751e8b465ee728b)  -> (artifact id: '00981c3a384563ac07b4ce273fd73534') in 0.063982 seconds
  Import took 0.065981 seconds .

========================================================================
Received Import Request.
  Time since last request: 25.744213 seconds.
  path: Assets/Personaje1/Brendan.fbx
  artifactKey: Guid(571cd20c2118fde429462b05fde344a9) Importer(815301076,1909f56bfc062723c751e8b465ee728b)
Start importing Assets/Personaje1/Brendan.fbx using Guid(571cd20c2118fde429462b05fde344a9) Importer(815301076,1909f56bfc062723c751e8b465ee728b)  -> (artifact id: 'f754dfc4f832327379f90bbb790011cc') in 0.044337 seconds
  Import took 0.046388 seconds .

========================================================================
Received Import Request.
  Time since last request: 10.762980 seconds.
  path: Assets/Personaje1/Brendan.fbx
  artifactKey: Guid(571cd20c2118fde429462b05fde344a9) Importer(815301076,1909f56bfc062723c751e8b465ee728b)
Start importing Assets/Personaje1/Brendan.fbx using Guid(571cd20c2118fde429462b05fde344a9) Importer(815301076,1909f56bfc062723c751e8b465ee728b)  -> (artifact id: '77d298788efd9a5a4d0fde9ad4b11d42') in 0.039669 seconds
  Import took 0.041681 seconds .

========================================================================
Received Import Request.
  Time since last request: 165.637577 seconds.
  path: Assets/Personaje1/Brendan@Jumping Up.fbx
  artifactKey: Guid(2a079920b44b25b448c40ddb44a29340) Importer(815301076,1909f56bfc062723c751e8b465ee728b)
Start importing Assets/Personaje1/Brendan@Jumping Up.fbx using Guid(2a079920b44b25b448c40ddb44a29340) Importer(815301076,1909f56bfc062723c751e8b465ee728b)  -> (artifact id: 'c5f07e7dc79fdafe2b99f394758b7438') in 0.049080 seconds
  Import took 0.051288 seconds .

========================================================================
Received Import Request.
  Time since last request: 6.295335 seconds.
  path: Assets/Personaje1/Brendan@Falling Idle.fbx
  artifactKey: Guid(4a2f6bd353eb8b24eb594e8acc7a2c81) Importer(815301076,1909f56bfc062723c751e8b465ee728b)
Start importing Assets/Personaje1/Brendan@Falling Idle.fbx using Guid(4a2f6bd353eb8b24eb594e8acc7a2c81) Importer(815301076,1909f56bfc062723c751e8b465ee728b)  -> (artifact id: '9f020a91fcd2f1fe6436a8027157751d') in 0.054713 seconds
  Import took 0.056865 seconds .

========================================================================
Received Import Request.
  Time since last request: 19.111880 seconds.
  path: Assets/Personaje1/Brendan@Jumping Up.fbx
  artifactKey: Guid(2a079920b44b25b448c40ddb44a29340) Importer(815301076,1909f56bfc062723c751e8b465ee728b)
Start importing Assets/Personaje1/Brendan@Jumping Up.fbx using Guid(2a079920b44b25b448c40ddb44a29340) Importer(815301076,1909f56bfc062723c751e8b465ee728b)  -> (artifact id: '8104ef2cc37d15d1a924a41834e5f753') in 0.053014 seconds
  Import took 0.055101 seconds .

========================================================================
Received Import Request.
  Time since last request: 12.262188 seconds.
  path: Assets/Personaje1/Brendan@Falling Idle.fbx
  artifactKey: Guid(4a2f6bd353eb8b24eb594e8acc7a2c81) Importer(815301076,1909f56bfc062723c751e8b465ee728b)
Start importing Assets/Personaje1/Brendan@Falling Idle.fbx using Guid(4a2f6bd353eb8b24eb594e8acc7a2c81) Importer(815301076,1909f56bfc062723c751e8b465ee728b)  -> (artifact id: '5086fa17b921f1e1e962a78802aa5481') in 0.056992 seconds
  Import took 0.059000 seconds .

========================================================================
Received Import Request.
  Time since last request: 71.680074 seconds.
  path: Assets/Personaje1/Jumping Up.anim
  artifactKey: Guid(c68f0d8f9a76e0640bac044f2c9c26c6) Importer(815301076,1909f56bfc062723c751e8b465ee728b)
Start importing Assets/Personaje1/Jumping Up.anim using Guid(c68f0d8f9a76e0640bac044f2c9c26c6) Importer(815301076,1909f56bfc062723c751e8b465ee728b)  -> (artifact id: '0c200df861d082349c4f9c61fa4c95f3') in 0.013239 seconds
  Import took 0.015421 seconds .

========================================================================
Received Import Request.
  Time since last request: 10.934467 seconds.
  path: Assets/Personaje1/Falling Idle.anim
  artifactKey: Guid(84072c241b1e81c49b0d16f703691eb1) Importer(815301076,1909f56bfc062723c751e8b465ee728b)
Start importing Assets/Personaje1/Falling Idle.anim using Guid(84072c241b1e81c49b0d16f703691eb1) Importer(815301076,1909f56bfc062723c751e8b465ee728b)  -> (artifact id: '80e14782315344479c57725cb19c9ad3') in 0.004384 seconds
  Import took 0.006232 seconds .

========================================================================
Received Import Request.
  Time since last request: 24.431655 seconds.
  path: Assets/Personaje1/animaciones/Standing Idle.anim
  artifactKey: Guid(2731859b4abf0a64bb3b0ef42cb26569) Importer(815301076,1909f56bfc062723c751e8b465ee728b)
Start importing Assets/Personaje1/animaciones/Standing Idle.anim using Guid(2731859b4abf0a64bb3b0ef42cb26569) Importer(815301076,1909f56bfc062723c751e8b465ee728b)  -> (artifact id: '433cad0fad449d31eb5729d4d54b418f') in 0.009362 seconds
  Import took 0.011213 seconds .

========================================================================
Received Import Request.
  Time since last request: 4.233836 seconds.
  path: Assets/Personaje1/animaciones/Left Strafe.anim
  artifactKey: Guid(aa518abe501f5f94fb2e95a5b3cffc61) Importer(815301076,1909f56bfc062723c751e8b465ee728b)
Start importing Assets/Personaje1/animaciones/Left Strafe.anim using Guid(aa518abe501f5f94fb2e95a5b3cffc61) Importer(815301076,1909f56bfc062723c751e8b465ee728b)  -> (artifact id: 'dfc1126338ceb69ce38882264d189945') in 0.007837 seconds
  Import took 0.009634 seconds .

========================================================================
Received Import Request.
  Time since last request: 2.823522 seconds.
  path: Assets/Personaje1/animaciones/Running.anim
  artifactKey: Guid(f0cbcbcff4f955a4b9621b6620054210) Importer(815301076,1909f56bfc062723c751e8b465ee728b)
Start importing Assets/Personaje1/animaciones/Running.anim using Guid(f0cbcbcff4f955a4b9621b6620054210) Importer(815301076,1909f56bfc062723c751e8b465ee728b)  -> (artifact id: '2d71e637a86fa30389f8c0fc8d79b89f') in 0.006916 seconds
  Import took 0.008767 seconds .

========================================================================
Received Import Request.
  Time since last request: 95.147079 seconds.
  path: Assets/Personaje1/animaciones/Controlador Personaje1.controller
  artifactKey: Guid(3453ec153d075014aa1460ca2a49a4c7) Importer(815301076,1909f56bfc062723c751e8b465ee728b)
Start importing Assets/Personaje1/animaciones/Controlador Personaje1.controller using Guid(3453ec153d075014aa1460ca2a49a4c7) Importer(815301076,1909f56bfc062723c751e8b465ee728b)  -> (artifact id: 'b1b2f7c5a52288cf8df1f01953eb3499') in 0.023213 seconds
  Import took 0.025291 seconds .

========================================================================
Received Prepare
Registering precompiled user dll's ...
Registered in 0.000554 seconds.
Begin MonoManager ReloadAssembly
Native extension for Lumin target not found
Native extension for WindowsStandalone target not found
Native extension for WebGL target not found
Refreshing native plugins compatible for Editor in 0.20 ms, found 0 plugins.
Preloading 0 native plugins for Editor in 0.00 ms.
Invoked RoslynAnalysisRunner static constructor.
RoslynAnalysisRunner will not be running.
RoslynAnalysisRunner has terminated.
Mono: successfully reloaded assembly
- Completed reload, in  0.692 seconds
Platform modules already initialized, skipping
Refreshing native plugins compatible for Editor in 0.19 ms, found 0 plugins.
Preloading 0 native plugins for Editor in 0.00 ms.
Unloading 1109 Unused Serialized files (Serialized files now loaded: 0)
System memory in use before: 88.1 MB.
System memory in use after: 88.2 MB.

Unloading 5 unused Assets to reduce memory usage. Loaded Objects now: 1627.
Total: 1.529200 ms (FindLiveObjects: 0.134200 ms CreateObjectMapping: 0.033900 ms MarkObjects: 1.291300 ms  DeleteObjects: 0.069000 ms)

========================================================================
Received Import Request.
  Time since last request: 1838.837399 seconds.
  path: Assets/Codigos/LogicaPersonaje1.cs
  artifactKey: Guid(6ab0cf0fd53058a4c80e358b806235bb) Importer(815301076,1909f56bfc062723c751e8b465ee728b)
Start importing Assets/Codigos/LogicaPersonaje1.cs using Guid(6ab0cf0fd53058a4c80e358b806235bb) Importer(815301076,1909f56bfc062723c751e8b465ee728b)  -> (artifact id: '453b45b0e8fb90e2b4b4c631daa706a3') in 0.008159 seconds
  Import took 0.009844 seconds .

========================================================================
Received Import Request.
  Time since last request: 33.021112 seconds.
  path: Assets/Codigos
  artifactKey: Guid(6f6a070a6ff487c42851f59bb93e8b5d) Importer(815301076,1909f56bfc062723c751e8b465ee728b)
Start importing Assets/Codigos using Guid(6f6a070a6ff487c42851f59bb93e8b5d) Importer(815301076,1909f56bfc062723c751e8b465ee728b)  -> (artifact id: '59a7fe79d9140c4a031ff0a0f817fcdb') in 0.001343 seconds
  Import took 0.003037 seconds .

========================================================================
Received Import Request.
  Time since last request: 8.749320 seconds.
  path: Assets/Codigos/logicaPies.cs
  artifactKey: Guid(7d3950d3a241f5848b0cd505d7fb998c) Importer(815301076,1909f56bfc062723c751e8b465ee728b)
Start importing Assets/Codigos/logicaPies.cs using Guid(7d3950d3a241f5848b0cd505d7fb998c) Importer(815301076,1909f56bfc062723c751e8b465ee728b)  -> (artifact id: 'a18cd396a1f8505f6bf583bc8a1b77b4') in 0.001375 seconds
  Import took 0.003001 seconds .

========================================================================
Received Import Request.
  Time since last request: 0.000503 seconds.
  path: Assets/Codigos/logicaPies.cs
  artifactKey: Guid(7d3950d3a241f5848b0cd505d7fb998c) Importer(815301076,1909f56bfc062723c751e8b465ee728b)
Start importing Assets/Codigos/logicaPies.cs using Guid(7d3950d3a241f5848b0cd505d7fb998c) Importer(815301076,1909f56bfc062723c751e8b465ee728b)  -> (artifact id: 'a18cd396a1f8505f6bf583bc8a1b77b4') in 0.001685 seconds
  Import took 0.003657 seconds .

========================================================================
Received Prepare
Registering precompiled user dll's ...
Registered in 0.000537 seconds.
Begin MonoManager ReloadAssembly
Native extension for Lumin target not found
Native extension for WindowsStandalone target not found
Native extension for WebGL target not found
Refreshing native plugins compatible for Editor in 0.20 ms, found 0 plugins.
Preloading 0 native plugins for Editor in 0.00 ms.
Invoked RoslynAnalysisRunner static constructor.
RoslynAnalysisRunner will not be running.
RoslynAnalysisRunner has terminated.
Mono: successfully reloaded assembly
- Completed reload, in  0.705 seconds
Platform modules already initialized, skipping
Refreshing native plugins compatible for Editor in 0.22 ms, found 0 plugins.
Preloading 0 native plugins for Editor in 0.00 ms.
Unloading 1110 Unused Serialized files (Serialized files now loaded: 0)
System memory in use before: 88.2 MB.
System memory in use after: 88.3 MB.

Unloading 5 unused Assets to reduce memory usage. Loaded Objects now: 1631.
Total: 1.506800 ms (FindLiveObjects: 0.124900 ms CreateObjectMapping: 0.030800 ms MarkObjects: 1.285300 ms  DeleteObjects: 0.064700 ms)

========================================================================
Received Prepare
Registering precompiled user dll's ...
Registered in 0.000485 seconds.
Begin MonoManager ReloadAssembly
Native extension for Lumin target not found
Native extension for WindowsStandalone target not found
Native extension for WebGL target not found
Refreshing native plugins compatible for Editor in 0.20 ms, found 0 plugins.
Preloading 0 native plugins for Editor in 0.00 ms.
Invoked RoslynAnalysisRunner static constructor.
RoslynAnalysisRunner will not be running.
RoslynAnalysisRunner has terminated.
Mono: successfully reloaded assembly
- Completed reload, in  0.671 seconds
Platform modules already initialized, skipping
Refreshing native plugins compatible for Editor in 0.20 ms, found 0 plugins.
Preloading 0 native plugins for Editor in 0.00 ms.
Unloading 1110 Unused Serialized files (Serialized files now loaded: 0)
System memory in use before: 88.2 MB.
System memory in use after: 88.3 MB.

Unloading 5 unused Assets to reduce memory usage. Loaded Objects now: 1634.
Total: 1.569800 ms (FindLiveObjects: 0.113100 ms CreateObjectMapping: 0.044100 ms MarkObjects: 1.350800 ms  DeleteObjects: 0.061300 ms)

========================================================================
Received Import Request.
  Time since last request: 192.058017 seconds.
  path: Assets/Codigos/logicaPies.cs
  artifactKey: Guid(7d3950d3a241f5848b0cd505d7fb998c) Importer(815301076,1909f56bfc062723c751e8b465ee728b)
Start importing Assets/Codigos/logicaPies.cs using Guid(7d3950d3a241f5848b0cd505d7fb998c) Importer(815301076,1909f56bfc062723c751e8b465ee728b)  -> (artifact id: '01f57ffda8a075ad488ff96e9c7644c0') in 0.002763 seconds
  Import took 0.004362 seconds .

========================================================================
Received Prepare
Registering precompiled user dll's ...
Registered in 0.000732 seconds.
Begin MonoManager ReloadAssembly
Native extension for Lumin target not found
Native extension for WindowsStandalone target not found
Native extension for WebGL target not found
Refreshing native plugins compatible for Editor in 0.22 ms, found 0 plugins.
Preloading 0 native plugins for Editor in 0.00 ms.
Invoked RoslynAnalysisRunner static constructor.
RoslynAnalysisRunner will not be running.
RoslynAnalysisRunner has terminated.
Mono: successfully reloaded assembly
- Completed reload, in  0.738 seconds
Platform modules already initialized, skipping
Refreshing native plugins compatible for Editor in 0.30 ms, found 0 plugins.
Preloading 0 native plugins for Editor in 0.00 ms.
Unloading 1110 Unused Serialized files (Serialized files now loaded: 0)
System memory in use before: 88.2 MB.
System memory in use after: 88.3 MB.

Unloading 5 unused Assets to reduce memory usage. Loaded Objects now: 1637.
Total: 1.595800 ms (FindLiveObjects: 0.135200 ms CreateObjectMapping: 0.035000 ms MarkObjects: 1.355500 ms  DeleteObjects: 0.068900 ms)

AssetImportWorkerClient::OnTransportError - code=2 error=End of file
