Using pre-set license
Built from '2020.3/release' branch; Version is '2020.3.1f1 (77a89f25062f) revision 7841951'; Using compiler version '192528614'; Build Type 'Release'
OS: 'Windows 10 Pro; OS build 19041.928; Version 2004; 64bit' Language: 'es' Physical Memory: 16245 MB
BatchMode: 1, IsHumanControllingUs: 0, StartBugReporterOnCrash: 0, Is64bit: 1, IsPro: 0

 COMMAND LINE ARGUMENTS:
C:\Program Files\Unity\Hub\Editor\2020.3.1f1\Editor\Unity.exe
-adb2
-batchMode
-noUpm
-name
AssetImportWorker0
-projectPath
D:/UPN/9NO/VIDEO JUEGOS Y APP MÓBILES/pokemon
-logFile
Logs/AssetImportWorker0.log
-srvPort
57244
Successfully changed project path to: D:/UPN/9NO/VIDEO JUEGOS Y APP MÓBILES/pokemon
D:/UPN/9NO/VIDEO JUEGOS Y APP MÓBILES/pokemon
Using Asset Import Pipeline V2.
Refreshing native plugins compatible for Editor in 23.91 ms, found 0 plugins.
Preloading 0 native plugins for Editor in 0.00 ms.
Initialize engine version: 2020.3.1f1 (77a89f25062f)
[Subsystems] Discovering subsystems at path C:/Program Files/Unity/Hub/Editor/2020.3.1f1/Editor/Data/Resources/UnitySubsystems
[Subsystems] Discovering subsystems at path D:/UPN/9NO/VIDEO JUEGOS Y APP MÓBILES/pokemon/Assets
GfxDevice: creating device client; threaded=0
Direct3D:
    Version:  Direct3D 11.0 [level 11.1]
    Renderer: Intel(R) UHD Graphics 630 (ID=0x9bc8)
    Vendor:   
    VRAM:     8122 MB
    Driver:   27.20.100.9316
Initialize mono
Mono path[0] = 'C:/Program Files/Unity/Hub/Editor/2020.3.1f1/Editor/Data/Managed'
Mono path[1] = 'C:/Program Files/Unity/Hub/Editor/2020.3.1f1/Editor/Data/MonoBleedingEdge/lib/mono/unityjit'
Mono config path = 'C:/Program Files/Unity/Hub/Editor/2020.3.1f1/Editor/Data/MonoBleedingEdge/etc'
Using monoOptions --debugger-agent=transport=dt_socket,embedding=1,server=y,suspend=n,address=127.0.0.1:56412
Begin MonoManager ReloadAssembly
Registering precompiled unity dll's ...
Register platform support module: C:/Program Files/Unity/Hub/Editor/2020.3.1f1/Editor/Data/PlaybackEngines/WebGLSupport/UnityEditor.WebGL.Extensions.dll
Register platform support module: C:/Program Files/Unity/Hub/Editor/2020.3.1f1/Editor/Data/PlaybackEngines/WindowsStandaloneSupport/UnityEditor.WindowsStandalone.Extensions.dll
Register platform support module: C:/Program Files/Unity/Hub/Editor/2020.3.1f1/Editor/Data/PlaybackEngines/LuminSupport/UnityEditor.Lumin.Extensions.dll
Registered in 0.002022 seconds.
Native extension for Lumin target not found
Native extension for WindowsStandalone target not found
Native extension for WebGL target not found
Refreshing native plugins compatible for Editor in 25.17 ms, found 0 plugins.
Preloading 0 native plugins for Editor in 0.00 ms.
Invoked RoslynAnalysisRunner static constructor.
RoslynAnalysisRunner will not be running.
RoslynAnalysisRunner has terminated.
Mono: successfully reloaded assembly
- Completed reload, in  1.034 seconds
Platform modules already initialized, skipping
Registering precompiled user dll's ...
Registered in 0.000745 seconds.
Begin MonoManager ReloadAssembly
Native extension for Lumin target not found
Native extension for WindowsStandalone target not found
Native extension for WebGL target not found
Refreshing native plugins compatible for Editor in 0.22 ms, found 0 plugins.
Preloading 0 native plugins for Editor in 0.00 ms.
Invoked RoslynAnalysisRunner static constructor.
RoslynAnalysisRunner will not be running.
RoslynAnalysisRunner has terminated.
Mono: successfully reloaded assembly
- Completed reload, in  0.800 seconds
Platform modules already initialized, skipping
========================================================================
Worker process is ready to serve import requests
Launched and connected shader compiler UnityShaderCompiler.exe after 0.04 seconds
Refreshing native plugins compatible for Editor in 0.22 ms, found 0 plugins.
Preloading 0 native plugins for Editor in 0.00 ms.
Unloading 1114 Unused Serialized files (Serialized files now loaded: 0)
System memory in use before: 70.2 MB.
System memory in use after: 70.3 MB.

Unloading 10 unused Assets to reduce memory usage. Loaded Objects now: 1579.
Total: 1.865800 ms (FindLiveObjects: 0.144200 ms CreateObjectMapping: 0.063900 ms MarkObjects: 1.562300 ms  DeleteObjects: 0.093900 ms)

========================================================================
Received Import Request.
  path: Assets/New Terrain 1.asset
  artifactKey: Guid(06534ec6eb1e4af499ba521340b9ac57) Importer(815301076,1909f56bfc062723c751e8b465ee728b)
Start importing Assets/New Terrain 1.asset using Guid(06534ec6eb1e4af499ba521340b9ac57) Importer(815301076,1909f56bfc062723c751e8b465ee728b)  -> (artifact id: '401aca1c4f30de98e6e58292ba779da5') in 0.031503 seconds
  Import took 0.033489 seconds .

========================================================================
Received Import Request.
  Time since last request: 425.957908 seconds.
  path: Assets/Hub World 1/HubWorldManager.dae
  artifactKey: Guid(b7cc508b0f249d645a47b6ac68cf0890) Importer(815301076,1909f56bfc062723c751e8b465ee728b)
Start importing Assets/Hub World 1/HubWorldManager.dae using Guid(b7cc508b0f249d645a47b6ac68cf0890) Importer(815301076,1909f56bfc062723c751e8b465ee728b)  -> (artifact id: 'ed61a9a51707fb9deb7287be476b77aa') in 1.742762 seconds
  Import took 1.751884 seconds .

========================================================================
Received Prepare
Registering precompiled user dll's ...
Registered in 0.000548 seconds.
Begin MonoManager ReloadAssembly
Native extension for Lumin target not found
Native extension for WindowsStandalone target not found
Native extension for WebGL target not found
Refreshing native plugins compatible for Editor in 0.20 ms, found 0 plugins.
Preloading 0 native plugins for Editor in 0.00 ms.
Invoked RoslynAnalysisRunner static constructor.
RoslynAnalysisRunner will not be running.
RoslynAnalysisRunner has terminated.
Mono: successfully reloaded assembly
- Completed reload, in  0.652 seconds
Platform modules already initialized, skipping
Refreshing native plugins compatible for Editor in 0.33 ms, found 0 plugins.
Preloading 0 native plugins for Editor in 0.00 ms.
Unloading 1109 Unused Serialized files (Serialized files now loaded: 0)
System memory in use before: 89.0 MB.
System memory in use after: 89.1 MB.

Unloading 5 unused Assets to reduce memory usage. Loaded Objects now: 1626.
Total: 1.905300 ms (FindLiveObjects: 0.223700 ms CreateObjectMapping: 0.045500 ms MarkObjects: 1.563800 ms  DeleteObjects: 0.070800 ms)

========================================================================
Received Import Request.
  Time since last request: 1336.061940 seconds.
  path: Assets/Hub World 1/Textures
  artifactKey: Guid(548a20013de398a43bb15285b87a087f) Importer(815301076,1909f56bfc062723c751e8b465ee728b)
Start importing Assets/Hub World 1/Textures using Guid(548a20013de398a43bb15285b87a087f) Importer(815301076,1909f56bfc062723c751e8b465ee728b)  -> (artifact id: '90f6fa7b156d6febc3acdca9fc6fc943') in 0.004034 seconds
  Import took 0.006293 seconds .

========================================================================
Received Import Request.
  Time since last request: 27.666642 seconds.
  path: Assets/New Terrain 2.asset
  artifactKey: Guid(d63e2587e455724408fd5afb1f7a96ec) Importer(815301076,1909f56bfc062723c751e8b465ee728b)
Start importing Assets/New Terrain 2.asset using Guid(d63e2587e455724408fd5afb1f7a96ec) Importer(815301076,1909f56bfc062723c751e8b465ee728b)  -> (artifact id: '4894466df679d56117d33e248d5e5f6c') in 0.050095 seconds
  Import took 0.052011 seconds .

========================================================================
Received Import Request.
  Time since last request: 3.627547 seconds.
  path: Assets/New Terrain.asset
  artifactKey: Guid(99e20771f5b6e8a4d80d0ce58c4ee95c) Importer(815301076,1909f56bfc062723c751e8b465ee728b)
Start importing Assets/New Terrain.asset using Guid(99e20771f5b6e8a4d80d0ce58c4ee95c) Importer(815301076,1909f56bfc062723c751e8b465ee728b)  -> (artifact id: 'b2ac6fa7b91d493272e4466fd569751a') in 0.006292 seconds
  Import took 0.008245 seconds .

========================================================================
Received Import Request.
  Time since last request: 0.000450 seconds.
  path: Assets/New Terrain.asset
  artifactKey: Guid(99e20771f5b6e8a4d80d0ce58c4ee95c) Importer(815301076,1909f56bfc062723c751e8b465ee728b)
Start importing Assets/New Terrain.asset using Guid(99e20771f5b6e8a4d80d0ce58c4ee95c) Importer(815301076,1909f56bfc062723c751e8b465ee728b)  -> (artifact id: 'b2ac6fa7b91d493272e4466fd569751a') in 0.005528 seconds
  Import took 0.007321 seconds .

========================================================================
Received Import Request.
  Time since last request: 1.749527 seconds.
  path: Assets/TerrainData_fc0ec801-e5cf-4b1d-865f-31c8bf14e4c4.asset
  artifactKey: Guid(e10e9efe992931a4fbac9f96a4e6ef65) Importer(815301076,1909f56bfc062723c751e8b465ee728b)
Start importing Assets/TerrainData_fc0ec801-e5cf-4b1d-865f-31c8bf14e4c4.asset using Guid(e10e9efe992931a4fbac9f96a4e6ef65) Importer(815301076,1909f56bfc062723c751e8b465ee728b)  -> (artifact id: 'ef624ebd116d66972bac4c8f6cfe3900') in 0.005870 seconds
  Import took 0.007851 seconds .

