Using pre-set license
Built from '2020.3/release' branch; Version is '2020.3.1f1 (77a89f25062f) revision 7841951'; Using compiler version '192528614'; Build Type 'Release'
OS: 'Windows 10 Home Single Language; OS build 19042.985; Version 2009; 64bit' Language: 'es' Physical Memory: 8005 MB
BatchMode: 1, IsHumanControllingUs: 0, StartBugReporterOnCrash: 0, Is64bit: 1, IsPro: 0

 COMMAND LINE ARGUMENTS:
C:\Program Files\Unity\Hub\Editor\2020.3.1f1\Editor\Unity.exe
-adb2
-batchMode
-noUpm
-name
AssetImportWorker2
-projectPath
C:/Proyecto_Videojuegos/VIDEOJUEGOS
-logFile
Logs/AssetImportWorker2.log
-srvPort
51594
Successfully changed project path to: C:/Proyecto_Videojuegos/VIDEOJUEGOS
C:/Proyecto_Videojuegos/VIDEOJUEGOS
Using Asset Import Pipeline V2.
Refreshing native plugins compatible for Editor in 93.53 ms, found 0 plugins.
Preloading 0 native plugins for Editor in 0.00 ms.
Initialize engine version: 2020.3.1f1 (77a89f25062f)
[Subsystems] Discovering subsystems at path C:/Program Files/Unity/Hub/Editor/2020.3.1f1/Editor/Data/Resources/UnitySubsystems
[Subsystems] Discovering subsystems at path C:/Proyecto_Videojuegos/VIDEOJUEGOS/Assets
GfxDevice: creating device client; threaded=0
Direct3D:
    Version:  Direct3D 11.0 [level 11.0]
    Renderer: NVIDIA GeForce MX110 (ID=0x174e)
    Vendor:   
    VRAM:     2010 MB
    Driver:   26.21.14.4587
Initialize mono
Mono path[0] = 'C:/Program Files/Unity/Hub/Editor/2020.3.1f1/Editor/Data/Managed'
Mono path[1] = 'C:/Program Files/Unity/Hub/Editor/2020.3.1f1/Editor/Data/MonoBleedingEdge/lib/mono/unityjit'
Mono config path = 'C:/Program Files/Unity/Hub/Editor/2020.3.1f1/Editor/Data/MonoBleedingEdge/etc'
Using monoOptions --debugger-agent=transport=dt_socket,embedding=1,server=y,suspend=n,address=127.0.0.1:56832
Begin MonoManager ReloadAssembly
Registering precompiled unity dll's ...
Register platform support module: C:/Program Files/Unity/Hub/Editor/2020.3.1f1/Editor/Data/PlaybackEngines/WebGLSupport/UnityEditor.WebGL.Extensions.dll
Register platform support module: C:/Program Files/Unity/Hub/Editor/2020.3.1f1/Editor/Data/PlaybackEngines/WindowsStandaloneSupport/UnityEditor.WindowsStandalone.Extensions.dll
Register platform support module: C:/Program Files/Unity/Hub/Editor/2020.3.1f1/Editor/Data/PlaybackEngines/LuminSupport/UnityEditor.Lumin.Extensions.dll
Registered in 0.009696 seconds.
Native extension for Lumin target not found
Native extension for WindowsStandalone target not found
Native extension for WebGL target not found
Refreshing native plugins compatible for Editor in 106.21 ms, found 0 plugins.
Preloading 0 native plugins for Editor in 0.00 ms.
Invoked RoslynAnalysisRunner static constructor.
RoslynAnalysisRunner will not be running.
RoslynAnalysisRunner has terminated.
Mono: successfully reloaded assembly
- Completed reload, in  5.011 seconds
Platform modules already initialized, skipping
Registering precompiled user dll's ...
Registered in 0.001912 seconds.
Begin MonoManager ReloadAssembly
Native extension for Lumin target not found
Native extension for WindowsStandalone target not found
Native extension for WebGL target not found
Refreshing native plugins compatible for Editor in 0.92 ms, found 0 plugins.
Preloading 0 native plugins for Editor in 0.00 ms.
Invoked RoslynAnalysisRunner static constructor.
RoslynAnalysisRunner will not be running.
RoslynAnalysisRunner has terminated.
Mono: successfully reloaded assembly
- Completed reload, in  3.620 seconds
Platform modules already initialized, skipping
========================================================================
Worker process is ready to serve import requests
Launched and connected shader compiler UnityShaderCompiler.exe after 0.95 seconds
Refreshing native plugins compatible for Editor in 0.58 ms, found 0 plugins.
Preloading 0 native plugins for Editor in 0.00 ms.
Unloading 1118 Unused Serialized files (Serialized files now loaded: 0)
System memory in use before: 71.0 MB.
System memory in use after: 71.1 MB.

Unloading 10 unused Assets to reduce memory usage. Loaded Objects now: 1586.
Total: 5.499000 ms (FindLiveObjects: 0.491700 ms CreateObjectMapping: 0.232900 ms MarkObjects: 4.396400 ms  DeleteObjects: 0.375000 ms)

========================================================================
Received Import Request.
  path: Assets/New Terrain 3.asset
  artifactKey: Guid(2e8872f39617e404e9cd2817c95bb972) Importer(815301076,1909f56bfc062723c751e8b465ee728b)
Start importing Assets/New Terrain 3.asset using Guid(2e8872f39617e404e9cd2817c95bb972) Importer(815301076,1909f56bfc062723c751e8b465ee728b)  -> (artifact id: 'a0f546a947ae66aa17ed6cfaca91cbf3') in 0.472389 seconds
  Import took 0.478283 seconds .

========================================================================
Received Import Request.
  Time since last request: 0.000505 seconds.
  path: Assets/New Terrain 4.asset
  artifactKey: Guid(611d8a3cbe5f3b24a89264332ef0a641) Importer(815301076,1909f56bfc062723c751e8b465ee728b)
Start importing Assets/New Terrain 4.asset using Guid(611d8a3cbe5f3b24a89264332ef0a641) Importer(815301076,1909f56bfc062723c751e8b465ee728b)  -> (artifact id: 'ff2c51be83b23446726e40dac83303c9') in 0.069035 seconds
  Import took 0.073570 seconds .

========================================================================
Received Import Request.
  Time since last request: 0.000751 seconds.
  path: Assets/TerrainData_209c21e4-28bd-40da-bc8a-2e996322769d.asset
  artifactKey: Guid(392a13678861fc04c8c14010aa0ee7ae) Importer(815301076,1909f56bfc062723c751e8b465ee728b)
Start importing Assets/TerrainData_209c21e4-28bd-40da-bc8a-2e996322769d.asset using Guid(392a13678861fc04c8c14010aa0ee7ae) Importer(815301076,1909f56bfc062723c751e8b465ee728b)  -> (artifact id: '63781312686c5a6b359dfd65a560a8f5') in 0.624203 seconds
  Import took 0.628113 seconds .

========================================================================
Received Import Request.
  Time since last request: 36.736237 seconds.
  path: Assets/Scenes/SampleScene.unity
  artifactKey: Guid(9fc0d4010bbf28b4594072e72b8655ab) Importer(815301076,1909f56bfc062723c751e8b465ee728b)
Start importing Assets/Scenes/SampleScene.unity using Guid(9fc0d4010bbf28b4594072e72b8655ab) Importer(815301076,1909f56bfc062723c751e8b465ee728b)  -> (artifact id: '6666304bf9cc2ce6e9e7ff1148d47e99') in 0.048470 seconds
  Import took 0.052991 seconds .

========================================================================
Received Import Request.
  Time since last request: 20.992661 seconds.
  path: Assets/Scenes/Scene 02.unity
  artifactKey: Guid(9334f9e040076224893f6e95e82b53fc) Importer(815301076,1909f56bfc062723c751e8b465ee728b)
Start importing Assets/Scenes/Scene 02.unity using Guid(9334f9e040076224893f6e95e82b53fc) Importer(815301076,1909f56bfc062723c751e8b465ee728b)  -> (artifact id: 'fbfdfb771cc8128d107c79680520a94c') in 0.075137 seconds
  Import took 0.080906 seconds .

========================================================================
Received Prepare
Registering precompiled user dll's ...
Registered in 0.101933 seconds.
Begin MonoManager ReloadAssembly
Native extension for Lumin target not found
Native extension for WindowsStandalone target not found
Native extension for WebGL target not found
Refreshing native plugins compatible for Editor in 0.52 ms, found 0 plugins.
Preloading 0 native plugins for Editor in 0.00 ms.
Invoked RoslynAnalysisRunner static constructor.
RoslynAnalysisRunner will not be running.
RoslynAnalysisRunner has terminated.
Mono: successfully reloaded assembly
- Completed reload, in  2.845 seconds
Platform modules already initialized, skipping
Refreshing native plugins compatible for Editor in 0.51 ms, found 0 plugins.
Preloading 0 native plugins for Editor in 0.00 ms.
Unloading 1113 Unused Serialized files (Serialized files now loaded: 0)
System memory in use before: 71.0 MB.
System memory in use after: 71.1 MB.

Unloading 5 unused Assets to reduce memory usage. Loaded Objects now: 1591.
Total: 4.575500 ms (FindLiveObjects: 0.525200 ms CreateObjectMapping: 0.206200 ms MarkObjects: 3.609700 ms  DeleteObjects: 0.230900 ms)

AssetImportWorkerClient::OnTransportError - code=2 error=End of file
